<?xml version="1.0" encoding="UTF-8"?>
<!-- Generated by org.testng.reporters.JUnitReportReporter -->
<testsuite skipped="0" hostname="DESKTOP-12J8RIJ" name="com.readExcel.ReadExcel" tests="1" failures="0" timestamp="2022-02-05T14:15:52 IST" time="0.884" errors="0">
  <testcase name="readExcel" time="0.884" classname="com.readExcel.ReadExcel"/>
  <system-out/>
</testsuite> <!-- com.readExcel.ReadExcel -->
