<?xml version="1.0" encoding="UTF-8"?>
<!-- Generated by org.testng.reporters.JUnitReportReporter -->
<testsuite skipped="0" hostname="DESKTOP-12J8RIJ" name="com.testcases.ReadExcelTest" tests="1" failures="0" timestamp="2022-02-05T14:40:04 IST" time="1.136" errors="0">
  <testcase name="readExcelTest" time="1.136" classname="com.testcases.ReadExcelTest"/>
  <system-out/>
</testsuite> <!-- com.testcases.ReadExcelTest -->
